<?xml version="1.0" encoding="UTF-8"?>
<!-- Generated by org.testng.reporters.JUnitReportReporter -->
<testsuite hostname="SumitDhiman" failures="0" tests="1" name="planittesting.Tests.CartPageTests" time="6.300" errors="0" timestamp="2025-02-20T13:37:25 AWST" skipped="0">
  <testcase classname="planittesting.Tests.CartPageTests" name="CartPageTests" time="6.300"/>
</testsuite> <!-- planittesting.Tests.CartPageTests -->
