<?xml version="1.0" encoding="UTF-8"?>
<!-- Generated by org.testng.reporters.JUnitReportReporter -->
<testsuite hostname="SumitDhiman" failures="0" tests="6" name="planittesting.Tests.ContactPageTests" time="129.592" errors="0" timestamp="2025-02-20T13:37:25 AWST" skipped="0">
  <testcase classname="planittesting.Tests.ContactPageTests" name="submitFeedback" time="17.366"/>
  <testcase classname="planittesting.Tests.ContactPageTests" name="submitFeedback" time="16.093"/>
  <testcase classname="planittesting.Tests.ContactPageTests" name="submitFeedback" time="25.429"/>
  <testcase classname="planittesting.Tests.ContactPageTests" name="submitFeedback" time="15.803"/>
  <testcase classname="planittesting.Tests.ContactPageTests" name="submitFeedback" time="20.310"/>
  <testcase classname="planittesting.Tests.ContactPageTests" name="mandatoryFields" time="34.591"/>
</testsuite> <!-- planittesting.Tests.ContactPageTests -->
