<?xml version="1.0" encoding="UTF-8"?>
<!-- Generated by org.testng.reporters.JUnitReportReporter -->
<testsuite hostname="SumitDhiman" failures="0" tests="1" name="planittesting.Tests.BaseTestE2E" time="36.140" errors="0" timestamp="2025-02-18T16:20:05 AWST" skipped="0">
  <testcase classname="planittesting.Tests.BaseTestE2E" name="BaseTestE2E" time="36.140"/>
</testsuite> <!-- planittesting.Tests.BaseTestE2E -->
