<?xml version="1.0" encoding="UTF-8"?>
<!-- Generated by org.testng.reporters.JUnitReportReporter -->
<testsuite hostname="SumitDhiman" failures="0" tests="1" name="planittesting.Tests.CartPageTests" time="8.315" errors="0" timestamp="2025-02-19T14:57:50 AWST" skipped="0">
  <testcase classname="planittesting.Tests.CartPageTests" name="CartPageTests" time="8.315"/>
</testsuite> <!-- planittesting.Tests.CartPageTests -->
